{
  meta: {
    req: {
      url: '/admin/creatCarrousel',
      headers: {
        host: 'localhost:3001',
        connection: 'keep-alive',
        'content-length': '474',
        'cache-control': 'max-age=0',
        'sec-ch-ua': '"Not_A Brand";v="8", "Chromium";v="120", "Google Chrome";v="120"',
        'sec-ch-ua-mobile': '?0',
        'sec-ch-ua-platform': '"Linux"',
        'upgrade-insecure-requests': '1',
        origin: 'http://localhost:3001',
        'content-type': 'multipart/form-data; boundary=----WebKitFormBoundaryKrFjvAVefik0pMJB',
        'user-agent': 'Mozilla/5.0 (X11; Linux x86_64) AppleWebKit/537.36 (KHTML, like Gecko) Chrome/120.0.0.0 Safari/537.36',
        accept: 'text/html,application/xhtml+xml,application/xml;q=0.9,image/avif,image/webp,image/apng,*/*;q=0.8,application/signed-exchange;v=b3;q=0.7',
        'sec-fetch-site': 'same-origin',
        'sec-fetch-mode': 'navigate',
        'sec-fetch-user': '?1',
        'sec-fetch-dest': 'document',
        referer: 'http://localhost:3001/admin/carrousel',
        'accept-encoding': 'gzip, deflate, br',
        'accept-language': 'tr-TR,tr;q=0.9,en-US;q=0.8,en;q=0.7',
        cookie: 'jwt=eyJhbGciOiJIUzI1NiIsInR5cCI6IkpXVCJ9.eyJ1c2VySWQiOjU2LCJpYXQiOjE3MDM5NDQ1NTEsImV4cCI6MTcwNDAzMDk1MX0._WRQDAB1TNBmpVQkfuglXPH5XWu4HVPwmBp62BlTzkc; connect.sid=s%3AfagXUG0yo3FEL-SmUismDY1pM0yBy9OS.X0BsJogt3QOoSe7vwsSW4jMdAv4yhltreOzzXPENt%2B0'
      },
      method: 'POST',
      httpVersion: '1.1',
      originalUrl: '/admin/creatCarrousel',
      query: {}
    },
    res: { statusCode: 400 },
    responseTime: 30
  },
  level: 'warn',
  message: 'HTTP POST /admin/creatCarrousel',
  timestamp: '2023-12-30T14:21:06.575Z'
}
{
  meta: {
    req: {
      url: '/admin/creatCarrousel',
      headers: {
        host: 'localhost:3001',
        connection: 'keep-alive',
        'content-length': '474',
        'cache-control': 'max-age=0',
        'sec-ch-ua': '"Not_A Brand";v="8", "Chromium";v="120", "Google Chrome";v="120"',
        'sec-ch-ua-mobile': '?0',
        'sec-ch-ua-platform': '"Linux"',
        'upgrade-insecure-requests': '1',
        'user-agent': 'Mozilla/5.0 (X11; Linux x86_64) AppleWebKit/537.36 (KHTML, like Gecko) Chrome/120.0.0.0 Safari/537.36',
        origin: 'http://localhost:3001',
        'content-type': 'multipart/form-data; boundary=----WebKitFormBoundaryKrFjvAVefik0pMJB',
        accept: 'text/html,application/xhtml+xml,application/xml;q=0.9,image/avif,image/webp,image/apng,*/*;q=0.8,application/signed-exchange;v=b3;q=0.7',
        'sec-fetch-site': 'same-origin',
        'sec-fetch-mode': 'navigate',
        'sec-fetch-user': '?1',
        'sec-fetch-dest': 'document',
        referer: 'http://localhost:3001/admin/carrousel',
        'accept-encoding': 'gzip, deflate, br',
        'accept-language': 'tr-TR,tr;q=0.9,en-US;q=0.8,en;q=0.7',
        cookie: 'jwt=eyJhbGciOiJIUzI1NiIsInR5cCI6IkpXVCJ9.eyJ1c2VySWQiOjU2LCJpYXQiOjE3MDM5NDQ1NTEsImV4cCI6MTcwNDAzMDk1MX0._WRQDAB1TNBmpVQkfuglXPH5XWu4HVPwmBp62BlTzkc; connect.sid=s%3A7u2Jacv7Za4hDksiKtxcTbo8LZ41mIzJ.lOXVzSFzxeWwIIqetn%2FUo75uBtjqYKPN4lO945QGLEk'
      },
      method: 'POST',
      httpVersion: '1.1',
      originalUrl: '/admin/creatCarrousel',
      query: {}
    },
    res: { statusCode: 400 },
    responseTime: 31
  },
  level: 'warn',
  message: 'HTTP POST /admin/creatCarrousel',
  timestamp: '2023-12-30T14:21:28.592Z'
}
{
  meta: {
    req: {
      url: '/admin/creatCarrousel',
      headers: {
        host: 'localhost:3001',
        connection: 'keep-alive',
        'content-length': '474',
        'cache-control': 'max-age=0',
        'sec-ch-ua': '"Not_A Brand";v="8", "Chromium";v="120", "Google Chrome";v="120"',
        'sec-ch-ua-mobile': '?0',
        'sec-ch-ua-platform': '"Linux"',
        'upgrade-insecure-requests': '1',
        origin: 'http://localhost:3001',
        'content-type': 'multipart/form-data; boundary=----WebKitFormBoundary9Y6ftoVzLMFaegTA',
        'user-agent': 'Mozilla/5.0 (X11; Linux x86_64) AppleWebKit/537.36 (KHTML, like Gecko) Chrome/120.0.0.0 Safari/537.36',
        accept: 'text/html,application/xhtml+xml,application/xml;q=0.9,image/avif,image/webp,image/apng,*/*;q=0.8,application/signed-exchange;v=b3;q=0.7',
        'sec-fetch-site': 'same-origin',
        'sec-fetch-mode': 'navigate',
        'sec-fetch-user': '?1',
        'sec-fetch-dest': 'document',
        referer: 'http://localhost:3001/admin/carrousel',
        'accept-encoding': 'gzip, deflate, br',
        'accept-language': 'tr-TR,tr;q=0.9,en-US;q=0.8,en;q=0.7',
        cookie: 'jwt=eyJhbGciOiJIUzI1NiIsInR5cCI6IkpXVCJ9.eyJ1c2VySWQiOjU2LCJpYXQiOjE3MDM5NDQ1NTEsImV4cCI6MTcwNDAzMDk1MX0._WRQDAB1TNBmpVQkfuglXPH5XWu4HVPwmBp62BlTzkc; connect.sid=s%3AV9UmEH1DsfECMPRWCDAVJ9RNC_0AdpSs.G0WU0tO5b9V2Xp%2BAZ%2FRcXoNYC8yZ0JNQOCkfJLmXhi8'
      },
      method: 'POST',
      httpVersion: '1.1',
      originalUrl: '/admin/creatCarrousel',
      query: {}
    },
    res: { statusCode: 400 },
    responseTime: 6
  },
  level: 'warn',
  message: 'HTTP POST /admin/creatCarrousel',
  timestamp: '2023-12-30T14:21:33.142Z'
}
{
  meta: {
    req: {
      url: '/admin/creatCarrousel',
      headers: {
        host: 'localhost:3001',
        connection: 'keep-alive',
        'content-length': '474',
        'cache-control': 'max-age=0',
        'sec-ch-ua': '"Not_A Brand";v="8", "Chromium";v="120", "Google Chrome";v="120"',
        'sec-ch-ua-mobile': '?0',
        'sec-ch-ua-platform': '"Linux"',
        'upgrade-insecure-requests': '1',
        'user-agent': 'Mozilla/5.0 (X11; Linux x86_64) AppleWebKit/537.36 (KHTML, like Gecko) Chrome/120.0.0.0 Safari/537.36',
        origin: 'http://localhost:3001',
        'content-type': 'multipart/form-data; boundary=----WebKitFormBoundary9Y6ftoVzLMFaegTA',
        accept: 'text/html,application/xhtml+xml,application/xml;q=0.9,image/avif,image/webp,image/apng,*/*;q=0.8,application/signed-exchange;v=b3;q=0.7',
        'sec-fetch-site': 'same-origin',
        'sec-fetch-mode': 'navigate',
        'sec-fetch-user': '?1',
        'sec-fetch-dest': 'document',
        referer: 'http://localhost:3001/admin/carrousel',
        'accept-encoding': 'gzip, deflate, br',
        'accept-language': 'tr-TR,tr;q=0.9,en-US;q=0.8,en;q=0.7',
        cookie: 'jwt=eyJhbGciOiJIUzI1NiIsInR5cCI6IkpXVCJ9.eyJ1c2VySWQiOjU2LCJpYXQiOjE3MDM5NDQ1NTEsImV4cCI6MTcwNDAzMDk1MX0._WRQDAB1TNBmpVQkfuglXPH5XWu4HVPwmBp62BlTzkc; connect.sid=s%3AV9UmEH1DsfECMPRWCDAVJ9RNC_0AdpSs.G0WU0tO5b9V2Xp%2BAZ%2FRcXoNYC8yZ0JNQOCkfJLmXhi8'
      },
      method: 'POST',
      httpVersion: '1.1',
      originalUrl: '/admin/creatCarrousel',
      query: {}
    },
    res: { statusCode: 400 },
    responseTime: 30
  },
  level: 'warn',
  message: 'HTTP POST /admin/creatCarrousel',
  timestamp: '2023-12-30T14:21:43.015Z'
}
{
  meta: {
    req: {
      url: '/admin/creatCarrousel',
      headers: {
        host: 'localhost:3001',
        connection: 'keep-alive',
        'sec-ch-ua': '"Not_A Brand";v="8", "Chromium";v="120", "Google Chrome";v="120"',
        'sec-ch-ua-mobile': '?0',
        'sec-ch-ua-platform': '"Linux"',
        'upgrade-insecure-requests': '1',
        'user-agent': 'Mozilla/5.0 (X11; Linux x86_64) AppleWebKit/537.36 (KHTML, like Gecko) Chrome/120.0.0.0 Safari/537.36',
        accept: 'text/html,application/xhtml+xml,application/xml;q=0.9,image/avif,image/webp,image/apng,*/*;q=0.8,application/signed-exchange;v=b3;q=0.7',
        'sec-fetch-site': 'none',
        'sec-fetch-mode': 'navigate',
        'sec-fetch-user': '?1',
        'sec-fetch-dest': 'document',
        'accept-encoding': 'gzip, deflate, br',
        'accept-language': 'tr-TR,tr;q=0.9,en-US;q=0.8,en;q=0.7',
        cookie: 'jwt=eyJhbGciOiJIUzI1NiIsInR5cCI6IkpXVCJ9.eyJ1c2VySWQiOjU2LCJpYXQiOjE3MDM5NDQ1NTEsImV4cCI6MTcwNDAzMDk1MX0._WRQDAB1TNBmpVQkfuglXPH5XWu4HVPwmBp62BlTzkc; connect.sid=s%3A9-LvC2z_vUraQwq58ijGx1L9D81IX0Wu.Hgd1PY3xDfeVU6YzGzGVs5%2BidY1J0o7RS%2B9PdlWWELo'
      },
      method: 'GET',
      httpVersion: '1.1',
      originalUrl: '/admin/creatCarrousel',
      query: {}
    },
    res: { statusCode: 404 },
    responseTime: 3
  },
  level: 'warn',
  message: 'HTTP GET /admin/creatCarrousel',
  timestamp: '2023-12-30T14:21:45.439Z'
}
{
  meta: {
    req: {
      url: '/admin/creatCarrousel',
      headers: {
        host: 'localhost:3001',
        connection: 'keep-alive',
        'content-length': '474',
        'cache-control': 'max-age=0',
        'sec-ch-ua': '"Not_A Brand";v="8", "Chromium";v="120", "Google Chrome";v="120"',
        'sec-ch-ua-mobile': '?0',
        'sec-ch-ua-platform': '"Linux"',
        'upgrade-insecure-requests': '1',
        origin: 'http://localhost:3001',
        'content-type': 'multipart/form-data; boundary=----WebKitFormBoundarySBTZM4t3cDxODBit',
        'user-agent': 'Mozilla/5.0 (X11; Linux x86_64) AppleWebKit/537.36 (KHTML, like Gecko) Chrome/120.0.0.0 Safari/537.36',
        accept: 'text/html,application/xhtml+xml,application/xml;q=0.9,image/avif,image/webp,image/apng,*/*;q=0.8,application/signed-exchange;v=b3;q=0.7',
        'sec-fetch-site': 'same-origin',
        'sec-fetch-mode': 'navigate',
        'sec-fetch-user': '?1',
        'sec-fetch-dest': 'document',
        referer: 'http://localhost:3001/admin/carrousel',
        'accept-encoding': 'gzip, deflate, br',
        'accept-language': 'tr-TR,tr;q=0.9,en-US;q=0.8,en;q=0.7',
        cookie: 'jwt=eyJhbGciOiJIUzI1NiIsInR5cCI6IkpXVCJ9.eyJ1c2VySWQiOjU2LCJpYXQiOjE3MDM5NDQ1NTEsImV4cCI6MTcwNDAzMDk1MX0._WRQDAB1TNBmpVQkfuglXPH5XWu4HVPwmBp62BlTzkc; connect.sid=s%3A9-LvC2z_vUraQwq58ijGx1L9D81IX0Wu.Hgd1PY3xDfeVU6YzGzGVs5%2BidY1J0o7RS%2B9PdlWWELo'
      },
      method: 'POST',
      httpVersion: '1.1',
      originalUrl: '/admin/creatCarrousel',
      query: {}
    },
    res: { statusCode: 400 },
    responseTime: 4
  },
  level: 'warn',
  message: 'HTTP POST /admin/creatCarrousel',
  timestamp: '2023-12-30T14:21:48.100Z'
}
{
  meta: {
    req: {
      url: '/admin/creatCarrousel',
      headers: {
        host: 'localhost:3001',
        connection: 'keep-alive',
        'content-length': '474',
        'cache-control': 'max-age=0',
        'sec-ch-ua': '"Not_A Brand";v="8", "Chromium";v="120", "Google Chrome";v="120"',
        'sec-ch-ua-mobile': '?0',
        'sec-ch-ua-platform': '"Linux"',
        'upgrade-insecure-requests': '1',
        origin: 'http://localhost:3001',
        'content-type': 'multipart/form-data; boundary=----WebKitFormBoundaryhvAJTMc74luAhwhR',
        'user-agent': 'Mozilla/5.0 (X11; Linux x86_64) AppleWebKit/537.36 (KHTML, like Gecko) Chrome/120.0.0.0 Safari/537.36',
        accept: 'text/html,application/xhtml+xml,application/xml;q=0.9,image/avif,image/webp,image/apng,*/*;q=0.8,application/signed-exchange;v=b3;q=0.7',
        'sec-fetch-site': 'same-origin',
        'sec-fetch-mode': 'navigate',
        'sec-fetch-user': '?1',
        'sec-fetch-dest': 'document',
        referer: 'http://localhost:3001/admin/carrousel',
        'accept-encoding': 'gzip, deflate, br',
        'accept-language': 'tr-TR,tr;q=0.9,en-US;q=0.8,en;q=0.7',
        cookie: 'jwt=eyJhbGciOiJIUzI1NiIsInR5cCI6IkpXVCJ9.eyJ1c2VySWQiOjU2LCJpYXQiOjE3MDM5NDQ1NTEsImV4cCI6MTcwNDAzMDk1MX0._WRQDAB1TNBmpVQkfuglXPH5XWu4HVPwmBp62BlTzkc; connect.sid=s%3AdV1iqzx3iZPowmAYA8e2WBL1XmwfLO3e.QpZ1VWNzJNwCwx19ce%2B9Bpl1UC6LWSerpdWCIpzqFOM'
      },
      method: 'POST',
      httpVersion: '1.1',
      originalUrl: '/admin/creatCarrousel',
      query: {}
    },
    res: { statusCode: 400 },
    responseTime: 8
  },
  level: 'warn',
  message: 'HTTP POST /admin/creatCarrousel',
  timestamp: '2023-12-30T14:22:05.005Z'
}
{
  meta: {
    req: {
      url: '/admin/creatCarrousel',
      headers: {
        host: 'localhost:3001',
        connection: 'keep-alive',
        'sec-ch-ua': '"Not_A Brand";v="8", "Chromium";v="120", "Google Chrome";v="120"',
        'sec-ch-ua-mobile': '?0',
        'sec-ch-ua-platform': '"Linux"',
        'upgrade-insecure-requests': '1',
        'user-agent': 'Mozilla/5.0 (X11; Linux x86_64) AppleWebKit/537.36 (KHTML, like Gecko) Chrome/120.0.0.0 Safari/537.36',
        accept: 'text/html,application/xhtml+xml,application/xml;q=0.9,image/avif,image/webp,image/apng,*/*;q=0.8,application/signed-exchange;v=b3;q=0.7',
        'sec-fetch-site': 'none',
        'sec-fetch-mode': 'navigate',
        'sec-fetch-user': '?1',
        'sec-fetch-dest': 'document',
        'accept-encoding': 'gzip, deflate, br',
        'accept-language': 'tr-TR,tr;q=0.9,en-US;q=0.8,en;q=0.7',
        cookie: 'jwt=eyJhbGciOiJIUzI1NiIsInR5cCI6IkpXVCJ9.eyJ1c2VySWQiOjU2LCJpYXQiOjE3MDM5NDQ1NTEsImV4cCI6MTcwNDAzMDk1MX0._WRQDAB1TNBmpVQkfuglXPH5XWu4HVPwmBp62BlTzkc; connect.sid=s%3AdV1iqzx3iZPowmAYA8e2WBL1XmwfLO3e.QpZ1VWNzJNwCwx19ce%2B9Bpl1UC6LWSerpdWCIpzqFOM'
      },
      method: 'GET',
      httpVersion: '1.1',
      originalUrl: '/admin/creatCarrousel',
      query: {}
    },
    res: { statusCode: 404 },
    responseTime: 5
  },
  level: 'warn',
  message: 'HTTP GET /admin/creatCarrousel',
  timestamp: '2023-12-30T14:22:09.313Z'
}
